{"/Users/toninichev/Cloud/workspace/nodeJS/Examples/react-app/src/Pages/PageTwo/index.js": {"path":"/Users/toninichev/Cloud/workspace/nodeJS/Examples/react-app/src/Pages/PageTwo/index.js","statementMap":{"0":{"start":{"line":8,"column":36},"end":{"line":8,"column":55}},"1":{"start":{"line":12,"column":4},"end":{"line":12,"column":31}},"2":{"start":{"line":15,"column":2},"end":{"line":25,"column":16}},"3":{"start":{"line":20,"column":36},"end":{"line":20,"column":52}},"4":{"start":{"line":22,"column":46},"end":{"line":22,"column":65}},"5":{"start":{"line":23,"column":46},"end":{"line":23,"column":65}}},"fnMap":{"0":{"name":"PageTwo","decl":{"start":{"line":7,"column":9},"end":{"line":7,"column":16}},"loc":{"start":{"line":7,"column":24},"end":{"line":26,"column":1}},"line":7},"1":{"name":"setTest","decl":{"start":{"line":11,"column":11},"end":{"line":11,"column":18}},"loc":{"start":{"line":11,"column":24},"end":{"line":13,"column":3}},"line":11},"2":{"name":"(anonymous_2)","decl":{"start":{"line":20,"column":28},"end":{"line":20,"column":29}},"loc":{"start":{"line":20,"column":34},"end":{"line":20,"column":54}},"line":20},"3":{"name":"(anonymous_3)","decl":{"start":{"line":22,"column":38},"end":{"line":22,"column":39}},"loc":{"start":{"line":22,"column":44},"end":{"line":22,"column":67}},"line":22},"4":{"name":"(anonymous_4)","decl":{"start":{"line":23,"column":38},"end":{"line":23,"column":39}},"loc":{"start":{"line":23,"column":44},"end":{"line":23,"column":67}},"line":23}},"branchMap":{},"s":{"0":4,"1":0,"2":4,"3":0,"4":1,"5":0},"f":{"0":4,"1":0,"2":0,"3":1,"4":0},"b":{},"_coverageSchema":"1a1c01bbd47fc00a2c39e90264f33305004495a9","hash":"10d13e82b67941e19ee591591c05841290a79012"}
,"/Users/toninichev/Cloud/workspace/nodeJS/Examples/react-app/src/components/Header/index.js": {"path":"/Users/toninichev/Cloud/workspace/nodeJS/Examples/react-app/src/components/Header/index.js","statementMap":{"0":{"start":{"line":3,"column":15},"end":{"line":3,"column":39}},"1":{"start":{"line":6,"column":15},"end":{"line":17,"column":1}},"2":{"start":{"line":7,"column":2},"end":{"line":16,"column":8}}},"fnMap":{"0":{"name":"(anonymous_0)","decl":{"start":{"line":6,"column":15},"end":{"line":6,"column":16}},"loc":{"start":{"line":7,"column":2},"end":{"line":16,"column":8}},"line":7}},"branchMap":{},"s":{"0":2,"1":2,"2":3},"f":{"0":3},"b":{},"_coverageSchema":"1a1c01bbd47fc00a2c39e90264f33305004495a9","hash":"468b3267b8927dd6d07140ef8749164f480ecc77"}
}
