{"/Users/toninichev/Cloud/workspace/nodeJS/Examples/react-app/src/components/ChartModules/DownloadChartPopup/index.js": {"path":"/Users/toninichev/Cloud/workspace/nodeJS/Examples/react-app/src/components/ChartModules/DownloadChartPopup/index.js","statementMap":{"0":{"start":{"line":9,"column":15},"end":{"line":65,"column":1}},"1":{"start":{"line":67,"column":23},"end":{"line":67,"column":75}},"2":{"start":{"line":72,"column":13},"end":{"line":76,"column":1}},"3":{"start":{"line":80,"column":22},"end":{"line":403,"column":1}},"4":{"start":{"line":81,"column":34},"end":{"line":81,"column":39}},"5":{"start":{"line":82,"column":2},"end":{"line":82,"column":34}},"6":{"start":{"line":84,"column":28},"end":{"line":88,"column":3}},"7":{"start":{"line":85,"column":18},"end":{"line":85,"column":76}},"8":{"start":{"line":86,"column":23},"end":{"line":86,"column":57}},"9":{"start":{"line":87,"column":4},"end":{"line":87,"column":38}},"10":{"start":{"line":90,"column":22},"end":{"line":190,"column":3}},"11":{"start":{"line":91,"column":4},"end":{"line":91,"column":24}},"12":{"start":{"line":93,"column":4},"end":{"line":95,"column":7}},"13":{"start":{"line":94,"column":6},"end":{"line":94,"column":20}},"14":{"start":{"line":97,"column":4},"end":{"line":100,"column":7}},"15":{"start":{"line":98,"column":6},"end":{"line":98,"column":26}},"16":{"start":{"line":99,"column":6},"end":{"line":99,"column":20}},"17":{"start":{"line":103,"column":24},"end":{"line":103,"column":64}},"18":{"start":{"line":104,"column":16},"end":{"line":104,"column":40}},"19":{"start":{"line":105,"column":16},"end":{"line":105,"column":39}},"20":{"start":{"line":106,"column":6},"end":{"line":109,"column":8}},"21":{"start":{"line":113,"column":20},"end":{"line":113,"column":61}},"22":{"start":{"line":114,"column":6},"end":{"line":114,"column":37}},"23":{"start":{"line":116,"column":29},"end":{"line":116,"column":36}},"24":{"start":{"line":118,"column":6},"end":{"line":132,"column":7}},"25":{"start":{"line":119,"column":8},"end":{"line":119,"column":42}},"26":{"start":{"line":120,"column":8},"end":{"line":120,"column":42}},"27":{"start":{"line":122,"column":8},"end":{"line":122,"column":22}},"28":{"start":{"line":123,"column":13},"end":{"line":132,"column":7}},"29":{"start":{"line":124,"column":18},"end":{"line":124,"column":42}},"30":{"start":{"line":125,"column":18},"end":{"line":125,"column":42}},"31":{"start":{"line":126,"column":8},"end":{"line":126,"column":43}},"32":{"start":{"line":127,"column":8},"end":{"line":127,"column":35}},"33":{"start":{"line":128,"column":8},"end":{"line":128,"column":46}},"34":{"start":{"line":129,"column":8},"end":{"line":129,"column":36}},"35":{"start":{"line":131,"column":8},"end":{"line":131,"column":82}},"36":{"start":{"line":135,"column":4},"end":{"line":137,"column":7}},"37":{"start":{"line":136,"column":6},"end":{"line":136,"column":25}},"38":{"start":{"line":141,"column":20},"end":{"line":141,"column":39}},"39":{"start":{"line":143,"column":19},"end":{"line":143,"column":75}},"40":{"start":{"line":144,"column":20},"end":{"line":144,"column":47}},"41":{"start":{"line":145,"column":21},"end":{"line":145,"column":52}},"42":{"start":{"line":146,"column":20},"end":{"line":146,"column":49}},"43":{"start":{"line":147,"column":20},"end":{"line":147,"column":49}},"44":{"start":{"line":149,"column":18},"end":{"line":149,"column":52}},"45":{"start":{"line":150,"column":18},"end":{"line":150,"column":52}},"46":{"start":{"line":152,"column":6},"end":{"line":152,"column":22}},"47":{"start":{"line":153,"column":6},"end":{"line":153,"column":32}},"48":{"start":{"line":154,"column":6},"end":{"line":154,"column":30}},"49":{"start":{"line":155,"column":6},"end":{"line":155,"column":31}},"50":{"start":{"line":156,"column":6},"end":{"line":156,"column":27}},"51":{"start":{"line":157,"column":6},"end":{"line":157,"column":19}},"52":{"start":{"line":160,"column":24},"end":{"line":160,"column":52}},"53":{"start":{"line":162,"column":16},"end":{"line":162,"column":55}},"54":{"start":{"line":164,"column":21},"end":{"line":164,"column":48}},"55":{"start":{"line":165,"column":19},"end":{"line":165,"column":44}},"56":{"start":{"line":166,"column":19},"end":{"line":166,"column":44}},"57":{"start":{"line":167,"column":21},"end":{"line":167,"column":48}},"58":{"start":{"line":168,"column":19},"end":{"line":168,"column":44}},"59":{"start":{"line":169,"column":19},"end":{"line":169,"column":44}},"60":{"start":{"line":171,"column":6},"end":{"line":171,"column":22}},"61":{"start":{"line":172,"column":6},"end":{"line":172,"column":29}},"62":{"start":{"line":173,"column":6},"end":{"line":173,"column":29}},"63":{"start":{"line":175,"column":6},"end":{"line":175,"column":25}},"64":{"start":{"line":176,"column":6},"end":{"line":176,"column":29}},"65":{"start":{"line":178,"column":6},"end":{"line":184,"column":7}},"66":{"start":{"line":179,"column":8},"end":{"line":179,"column":21}},"67":{"start":{"line":182,"column":8},"end":{"line":182,"column":34}},"68":{"start":{"line":183,"column":8},"end":{"line":183,"column":19}},"69":{"start":{"line":186,"column":6},"end":{"line":186,"column":22}},"70":{"start":{"line":187,"column":6},"end":{"line":187,"column":41}},"71":{"start":{"line":188,"column":6},"end":{"line":188,"column":19}},"72":{"start":{"line":192,"column":28},"end":{"line":195,"column":3}},"73":{"start":{"line":193,"column":18},"end":{"line":193,"column":59}},"74":{"start":{"line":194,"column":4},"end":{"line":194,"column":35}},"75":{"start":{"line":197,"column":34},"end":{"line":210,"column":3}},"76":{"start":{"line":198,"column":4},"end":{"line":198,"column":24}},"77":{"start":{"line":201,"column":4},"end":{"line":201,"column":32}},"78":{"start":{"line":202,"column":4},"end":{"line":202,"column":36}},"79":{"start":{"line":205,"column":16},"end":{"line":205,"column":35}},"80":{"start":{"line":206,"column":4},"end":{"line":206,"column":62}},"81":{"start":{"line":207,"column":4},"end":{"line":207,"column":56}},"82":{"start":{"line":208,"column":16},"end":{"line":208,"column":44}},"83":{"start":{"line":209,"column":4},"end":{"line":209,"column":40}},"84":{"start":{"line":212,"column":2},"end":{"line":228,"column":5}},"85":{"start":{"line":213,"column":4},"end":{"line":227,"column":5}},"86":{"start":{"line":215,"column":21},"end":{"line":215,"column":50}},"87":{"start":{"line":216,"column":6},"end":{"line":223,"column":9}},"88":{"start":{"line":217,"column":8},"end":{"line":217,"column":34}},"89":{"start":{"line":218,"column":28},"end":{"line":218,"column":62}},"90":{"start":{"line":219,"column":24},"end":{"line":219,"column":62}},"91":{"start":{"line":220,"column":8},"end":{"line":220,"column":30}},"92":{"start":{"line":221,"column":8},"end":{"line":221,"column":50}},"93":{"start":{"line":222,"column":8},"end":{"line":222,"column":50}},"94":{"start":{"line":225,"column":6},"end":{"line":225,"column":32}},"95":{"start":{"line":226,"column":6},"end":{"line":226,"column":20}},"96":{"start":{"line":230,"column":19},"end":{"line":241,"column":3}},"97":{"start":{"line":231,"column":18},"end":{"line":231,"column":46}},"98":{"start":{"line":232,"column":17},"end":{"line":232,"column":47}},"99":{"start":{"line":233,"column":21},"end":{"line":233,"column":66}},"100":{"start":{"line":235,"column":4},"end":{"line":235,"column":30}},"101":{"start":{"line":236,"column":4},"end":{"line":236,"column":24}},"102":{"start":{"line":237,"column":4},"end":{"line":237,"column":38}},"103":{"start":{"line":239,"column":4},"end":{"line":240,"column":26}},"104":{"start":{"line":240,"column":6},"end":{"line":240,"column":26}},"105":{"start":{"line":244,"column":14},"end":{"line":244,"column":46}},"106":{"start":{"line":245,"column":16},"end":{"line":245,"column":34}},"107":{"start":{"line":246,"column":15},"end":{"line":246,"column":39}},"108":{"start":{"line":247,"column":14},"end":{"line":247,"column":39}},"109":{"start":{"line":248,"column":4},"end":{"line":248,"column":16}},"110":{"start":{"line":249,"column":4},"end":{"line":249,"column":17}},"111":{"start":{"line":250,"column":4},"end":{"line":250,"column":38}},"112":{"start":{"line":251,"column":4},"end":{"line":251,"column":15}},"113":{"start":{"line":257,"column":34},"end":{"line":377,"column":3}},"114":{"start":{"line":258,"column":21},"end":{"line":258,"column":48}},"115":{"start":{"line":260,"column":23},"end":{"line":260,"column":57}},"116":{"start":{"line":262,"column":4},"end":{"line":376,"column":5}},"117":{"start":{"line":264,"column":6},"end":{"line":264,"column":44}},"118":{"start":{"line":265,"column":20},"end":{"line":265,"column":72}},"119":{"start":{"line":266,"column":21},"end":{"line":266,"column":75}},"120":{"start":{"line":269,"column":6},"end":{"line":269,"column":34}},"121":{"start":{"line":270,"column":6},"end":{"line":270,"column":50}},"122":{"start":{"line":273,"column":6},"end":{"line":273,"column":109}},"123":{"start":{"line":274,"column":18},"end":{"line":274,"column":37}},"124":{"start":{"line":277,"column":18},"end":{"line":277,"column":29}},"125":{"start":{"line":278,"column":6},"end":{"line":278,"column":51}},"126":{"start":{"line":279,"column":6},"end":{"line":279,"column":30}},"127":{"start":{"line":280,"column":6},"end":{"line":285,"column":8}},"128":{"start":{"line":281,"column":8},"end":{"line":281,"column":34}},"129":{"start":{"line":282,"column":8},"end":{"line":282,"column":117}},"130":{"start":{"line":283,"column":8},"end":{"line":283,"column":32}},"131":{"start":{"line":284,"column":8},"end":{"line":284,"column":28}},"132":{"start":{"line":288,"column":22},"end":{"line":288,"column":33}},"133":{"start":{"line":289,"column":6},"end":{"line":289,"column":55}},"134":{"start":{"line":290,"column":6},"end":{"line":290,"column":29}},"135":{"start":{"line":291,"column":6},"end":{"line":295,"column":8}},"136":{"start":{"line":292,"column":21},"end":{"line":292,"column":43}},"137":{"start":{"line":293,"column":8},"end":{"line":293,"column":64}},"138":{"start":{"line":294,"column":8},"end":{"line":294,"column":28}},"139":{"start":{"line":297,"column":6},"end":{"line":297,"column":22}},"140":{"start":{"line":299,"column":16},"end":{"line":299,"column":44}},"141":{"start":{"line":300,"column":6},"end":{"line":300,"column":51}},"142":{"start":{"line":303,"column":6},"end":{"line":303,"column":76}},"143":{"start":{"line":304,"column":6},"end":{"line":304,"column":51}},"144":{"start":{"line":307,"column":6},"end":{"line":307,"column":73}},"145":{"start":{"line":310,"column":6},"end":{"line":356,"column":7}},"146":{"start":{"line":312,"column":8},"end":{"line":312,"column":102}},"147":{"start":{"line":315,"column":8},"end":{"line":315,"column":67}},"148":{"start":{"line":316,"column":8},"end":{"line":316,"column":64}},"149":{"start":{"line":319,"column":21},"end":{"line":319,"column":77}},"150":{"start":{"line":320,"column":8},"end":{"line":320,"column":53}},"151":{"start":{"line":321,"column":8},"end":{"line":321,"column":64}},"152":{"start":{"line":324,"column":8},"end":{"line":324,"column":22}},"153":{"start":{"line":326,"column":8},"end":{"line":326,"column":90}},"154":{"start":{"line":329,"column":21},"end":{"line":329,"column":66}},"155":{"start":{"line":330,"column":26},"end":{"line":330,"column":112}},"156":{"start":{"line":331,"column":8},"end":{"line":331,"column":81}},"157":{"start":{"line":333,"column":8},"end":{"line":333,"column":96}},"158":{"start":{"line":334,"column":31},"end":{"line":337,"column":9}},"159":{"start":{"line":339,"column":8},"end":{"line":339,"column":57}},"160":{"start":{"line":342,"column":8},"end":{"line":342,"column":46}},"161":{"start":{"line":343,"column":8},"end":{"line":343,"column":109}},"162":{"start":{"line":344,"column":8},"end":{"line":344,"column":81}},"163":{"start":{"line":345,"column":8},"end":{"line":345,"column":43}},"164":{"start":{"line":347,"column":8},"end":{"line":347,"column":62}},"165":{"start":{"line":348,"column":8},"end":{"line":348,"column":57}},"166":{"start":{"line":351,"column":8},"end":{"line":351,"column":73}},"167":{"start":{"line":354,"column":8},"end":{"line":354,"column":68}},"168":{"start":{"line":355,"column":8},"end":{"line":355,"column":58}},"169":{"start":{"line":359,"column":29},"end":{"line":359,"column":37}},"170":{"start":{"line":360,"column":21},"end":{"line":360,"column":35}},"171":{"start":{"line":362,"column":24},"end":{"line":362,"column":26}},"172":{"start":{"line":364,"column":6},"end":{"line":371,"column":42}},"173":{"start":{"line":365,"column":8},"end":{"line":365,"column":40}},"174":{"start":{"line":366,"column":11},"end":{"line":371,"column":42}},"175":{"start":{"line":367,"column":8},"end":{"line":367,"column":42}},"176":{"start":{"line":368,"column":11},"end":{"line":371,"column":42}},"177":{"start":{"line":369,"column":8},"end":{"line":369,"column":41}},"178":{"start":{"line":371,"column":8},"end":{"line":371,"column":42}},"179":{"start":{"line":373,"column":6},"end":{"line":373,"column":38}},"180":{"start":{"line":375,"column":6},"end":{"line":375,"column":56}},"181":{"start":{"line":379,"column":2},"end":{"line":402,"column":4}},"182":{"start":{"line":383,"column":69},"end":{"line":383,"column":86}},"183":{"start":{"line":405,"column":0},"end":{"line":408,"column":2}}},"fnMap":{"0":{"name":"(anonymous_0)","decl":{"start":{"line":80,"column":22},"end":{"line":80,"column":23}},"loc":{"start":{"line":80,"column":33},"end":{"line":403,"column":1}},"line":80},"1":{"name":"(anonymous_1)","decl":{"start":{"line":84,"column":28},"end":{"line":84,"column":29}},"loc":{"start":{"line":84,"column":34},"end":{"line":88,"column":3}},"line":84},"2":{"name":"(anonymous_2)","decl":{"start":{"line":90,"column":22},"end":{"line":90,"column":23}},"loc":{"start":{"line":90,"column":28},"end":{"line":190,"column":3}},"line":90},"3":{"name":"(anonymous_3)","decl":{"start":{"line":93,"column":47},"end":{"line":93,"column":48}},"loc":{"start":{"line":93,"column":53},"end":{"line":95,"column":5}},"line":93},"4":{"name":"(anonymous_4)","decl":{"start":{"line":97,"column":45},"end":{"line":97,"column":46}},"loc":{"start":{"line":97,"column":51},"end":{"line":100,"column":5}},"line":97},"5":{"name":"getMouseCoordinates","decl":{"start":{"line":102,"column":13},"end":{"line":102,"column":32}},"loc":{"start":{"line":102,"column":36},"end":{"line":110,"column":5}},"line":102},"6":{"name":"drawAnnotations","decl":{"start":{"line":112,"column":13},"end":{"line":112,"column":28}},"loc":{"start":{"line":112,"column":32},"end":{"line":133,"column":5}},"line":112},"7":{"name":"(anonymous_7)","decl":{"start":{"line":135,"column":47},"end":{"line":135,"column":48}},"loc":{"start":{"line":135,"column":54},"end":{"line":137,"column":5}},"line":135},"8":{"name":"drawArow","decl":{"start":{"line":140,"column":13},"end":{"line":140,"column":21}},"loc":{"start":{"line":140,"column":96},"end":{"line":189,"column":5}},"line":140},"9":{"name":"(anonymous_9)","decl":{"start":{"line":192,"column":28},"end":{"line":192,"column":29}},"loc":{"start":{"line":192,"column":34},"end":{"line":195,"column":3}},"line":192},"10":{"name":"(anonymous_10)","decl":{"start":{"line":197,"column":34},"end":{"line":197,"column":35}},"loc":{"start":{"line":197,"column":40},"end":{"line":210,"column":3}},"line":197},"11":{"name":"(anonymous_11)","decl":{"start":{"line":212,"column":12},"end":{"line":212,"column":13}},"loc":{"start":{"line":212,"column":18},"end":{"line":228,"column":3}},"line":212},"12":{"name":"(anonymous_12)","decl":{"start":{"line":216,"column":39},"end":{"line":216,"column":40}},"loc":{"start":{"line":216,"column":45},"end":{"line":223,"column":7}},"line":216},"13":{"name":"(anonymous_13)","decl":{"start":{"line":230,"column":19},"end":{"line":230,"column":20}},"loc":{"start":{"line":230,"column":58},"end":{"line":241,"column":3}},"line":230},"14":{"name":"scaleIt","decl":{"start":{"line":243,"column":11},"end":{"line":243,"column":18}},"loc":{"start":{"line":243,"column":40},"end":{"line":252,"column":3}},"line":243},"15":{"name":"(anonymous_15)","decl":{"start":{"line":257,"column":34},"end":{"line":257,"column":35}},"loc":{"start":{"line":257,"column":40},"end":{"line":377,"column":3}},"line":257},"16":{"name":"(anonymous_16)","decl":{"start":{"line":280,"column":19},"end":{"line":280,"column":20}},"loc":{"start":{"line":280,"column":25},"end":{"line":285,"column":7}},"line":280},"17":{"name":"(anonymous_17)","decl":{"start":{"line":291,"column":23},"end":{"line":291,"column":24}},"loc":{"start":{"line":291,"column":29},"end":{"line":295,"column":7}},"line":291},"18":{"name":"(anonymous_18)","decl":{"start":{"line":383,"column":61},"end":{"line":383,"column":62}},"loc":{"start":{"line":383,"column":67},"end":{"line":383,"column":88}},"line":383}},"branchMap":{"0":{"loc":{"start":{"line":67,"column":23},"end":{"line":67,"column":75}},"type":"cond-expr","locations":[{"start":{"line":67,"column":55},"end":{"line":67,"column":68}},{"start":{"line":67,"column":71},"end":{"line":67,"column":75}}],"line":67},"1":{"loc":{"start":{"line":118,"column":6},"end":{"line":132,"column":7}},"type":"if","locations":[{"start":{"line":118,"column":6},"end":{"line":132,"column":7}},{"start":{"line":118,"column":6},"end":{"line":132,"column":7}}],"line":118},"2":{"loc":{"start":{"line":123,"column":13},"end":{"line":132,"column":7}},"type":"if","locations":[{"start":{"line":123,"column":13},"end":{"line":132,"column":7}},{"start":{"line":123,"column":13},"end":{"line":132,"column":7}}],"line":123},"3":{"loc":{"start":{"line":178,"column":6},"end":{"line":184,"column":7}},"type":"if","locations":[{"start":{"line":178,"column":6},"end":{"line":184,"column":7}},{"start":{"line":178,"column":6},"end":{"line":184,"column":7}}],"line":178},"4":{"loc":{"start":{"line":213,"column":4},"end":{"line":227,"column":5}},"type":"if","locations":[{"start":{"line":213,"column":4},"end":{"line":227,"column":5}},{"start":{"line":213,"column":4},"end":{"line":227,"column":5}}],"line":213},"5":{"loc":{"start":{"line":231,"column":18},"end":{"line":231,"column":46}},"type":"binary-expr","locations":[{"start":{"line":231,"column":18},"end":{"line":231,"column":33}},{"start":{"line":231,"column":37},"end":{"line":231,"column":46}}],"line":231},"6":{"loc":{"start":{"line":232,"column":17},"end":{"line":232,"column":47}},"type":"binary-expr","locations":[{"start":{"line":232,"column":17},"end":{"line":232,"column":31}},{"start":{"line":232,"column":35},"end":{"line":232,"column":47}}],"line":232},"7":{"loc":{"start":{"line":233,"column":21},"end":{"line":233,"column":66}},"type":"binary-expr","locations":[{"start":{"line":233,"column":21},"end":{"line":233,"column":60}},{"start":{"line":233,"column":64},"end":{"line":233,"column":66}}],"line":233},"8":{"loc":{"start":{"line":239,"column":4},"end":{"line":240,"column":26}},"type":"if","locations":[{"start":{"line":239,"column":4},"end":{"line":240,"column":26}},{"start":{"line":239,"column":4},"end":{"line":240,"column":26}}],"line":239},"9":{"loc":{"start":{"line":262,"column":4},"end":{"line":376,"column":5}},"type":"if","locations":[{"start":{"line":262,"column":4},"end":{"line":376,"column":5}},{"start":{"line":262,"column":4},"end":{"line":376,"column":5}}],"line":262},"10":{"loc":{"start":{"line":265,"column":20},"end":{"line":265,"column":72}},"type":"cond-expr","locations":[{"start":{"line":265,"column":31},"end":{"line":265,"column":52}},{"start":{"line":265,"column":55},"end":{"line":265,"column":72}}],"line":265},"11":{"loc":{"start":{"line":266,"column":21},"end":{"line":266,"column":75}},"type":"cond-expr","locations":[{"start":{"line":266,"column":32},"end":{"line":266,"column":54}},{"start":{"line":266,"column":57},"end":{"line":266,"column":75}}],"line":266},"12":{"loc":{"start":{"line":310,"column":6},"end":{"line":356,"column":7}},"type":"if","locations":[{"start":{"line":310,"column":6},"end":{"line":356,"column":7}},{"start":{"line":310,"column":6},"end":{"line":356,"column":7}}],"line":310},"13":{"loc":{"start":{"line":319,"column":21},"end":{"line":319,"column":77}},"type":"cond-expr","locations":[{"start":{"line":319,"column":61},"end":{"line":319,"column":68}},{"start":{"line":319,"column":71},"end":{"line":319,"column":77}}],"line":319},"14":{"loc":{"start":{"line":330,"column":26},"end":{"line":330,"column":112}},"type":"cond-expr","locations":[{"start":{"line":330,"column":39},"end":{"line":330,"column":74}},{"start":{"line":330,"column":77},"end":{"line":330,"column":112}}],"line":330},"15":{"loc":{"start":{"line":331,"column":22},"end":{"line":331,"column":80}},"type":"cond-expr","locations":[{"start":{"line":331,"column":37},"end":{"line":331,"column":66}},{"start":{"line":331,"column":69},"end":{"line":331,"column":80}}],"line":331},"16":{"loc":{"start":{"line":343,"column":22},"end":{"line":343,"column":108}},"type":"cond-expr","locations":[{"start":{"line":343,"column":35},"end":{"line":343,"column":70}},{"start":{"line":343,"column":73},"end":{"line":343,"column":108}}],"line":343},"17":{"loc":{"start":{"line":344,"column":22},"end":{"line":344,"column":80}},"type":"cond-expr","locations":[{"start":{"line":344,"column":37},"end":{"line":344,"column":66}},{"start":{"line":344,"column":69},"end":{"line":344,"column":80}}],"line":344},"18":{"loc":{"start":{"line":364,"column":6},"end":{"line":371,"column":42}},"type":"if","locations":[{"start":{"line":364,"column":6},"end":{"line":371,"column":42}},{"start":{"line":364,"column":6},"end":{"line":371,"column":42}}],"line":364},"19":{"loc":{"start":{"line":364,"column":10},"end":{"line":364,"column":59}},"type":"binary-expr","locations":[{"start":{"line":364,"column":10},"end":{"line":364,"column":36}},{"start":{"line":364,"column":40},"end":{"line":364,"column":59}}],"line":364},"20":{"loc":{"start":{"line":366,"column":11},"end":{"line":371,"column":42}},"type":"if","locations":[{"start":{"line":366,"column":11},"end":{"line":371,"column":42}},{"start":{"line":366,"column":11},"end":{"line":371,"column":42}}],"line":366},"21":{"loc":{"start":{"line":368,"column":11},"end":{"line":371,"column":42}},"type":"if","locations":[{"start":{"line":368,"column":11},"end":{"line":371,"column":42}},{"start":{"line":368,"column":11},"end":{"line":371,"column":42}}],"line":368},"22":{"loc":{"start":{"line":368,"column":15},"end":{"line":368,"column":64}},"type":"binary-expr","locations":[{"start":{"line":368,"column":15},"end":{"line":368,"column":41}},{"start":{"line":368,"column":45},"end":{"line":368,"column":64}}],"line":368}},"s":{"0":1,"1":1,"2":1,"3":1,"4":1,"5":1,"6":1,"7":0,"8":0,"9":0,"10":1,"11":0,"12":0,"13":0,"14":0,"15":0,"16":0,"17":0,"18":0,"19":0,"20":0,"21":0,"22":0,"23":0,"24":0,"25":0,"26":0,"27":0,"28":0,"29":0,"30":0,"31":0,"32":0,"33":0,"34":0,"35":0,"36":0,"37":0,"38":0,"39":0,"40":0,"41":0,"42":0,"43":0,"44":0,"45":0,"46":0,"47":0,"48":0,"49":0,"50":0,"51":0,"52":0,"53":0,"54":0,"55":0,"56":0,"57":0,"58":0,"59":0,"60":0,"61":0,"62":0,"63":0,"64":0,"65":0,"66":0,"67":0,"68":0,"69":0,"70":0,"71":0,"72":1,"73":0,"74":0,"75":1,"76":0,"77":0,"78":0,"79":0,"80":0,"81":0,"82":0,"83":0,"84":1,"85":1,"86":1,"87":1,"88":0,"89":0,"90":0,"91":0,"92":0,"93":0,"94":0,"95":0,"96":1,"97":0,"98":0,"99":0,"100":0,"101":0,"102":0,"103":0,"104":0,"105":0,"106":0,"107":0,"108":0,"109":0,"110":0,"111":0,"112":0,"113":1,"114":0,"115":0,"116":0,"117":0,"118":0,"119":0,"120":0,"121":0,"122":0,"123":0,"124":0,"125":0,"126":0,"127":0,"128":0,"129":0,"130":0,"131":0,"132":0,"133":0,"134":0,"135":0,"136":0,"137":0,"138":0,"139":0,"140":0,"141":0,"142":0,"143":0,"144":0,"145":0,"146":0,"147":0,"148":0,"149":0,"150":0,"151":0,"152":0,"153":0,"154":0,"155":0,"156":0,"157":0,"158":0,"159":0,"160":0,"161":0,"162":0,"163":0,"164":0,"165":0,"166":0,"167":0,"168":0,"169":0,"170":0,"171":0,"172":0,"173":0,"174":0,"175":0,"176":0,"177":0,"178":0,"179":0,"180":0,"181":1,"182":0,"183":1},"f":{"0":1,"1":0,"2":0,"3":0,"4":0,"5":0,"6":0,"7":0,"8":0,"9":0,"10":0,"11":1,"12":0,"13":0,"14":0,"15":0,"16":0,"17":0,"18":0},"b":{"0":[1,0],"1":[0,0],"2":[0,0],"3":[0,0],"4":[1,0],"5":[0,0],"6":[0,0],"7":[0,0],"8":[0,0],"9":[0,0],"10":[0,0],"11":[0,0],"12":[0,0],"13":[0,0],"14":[0,0],"15":[0,0],"16":[0,0],"17":[0,0],"18":[0,0],"19":[0,0],"20":[0,0],"21":[0,0],"22":[0,0]},"_coverageSchema":"1a1c01bbd47fc00a2c39e90264f33305004495a9","hash":"2a9142ab26c0a8e21d5cb45fa2fc5cbdfc30d9f2"}
}
