TN:
SF:src/Pages/PageThree/index.js
FN:20,PageThree
FN:22,(anonymous_1)
FN:29,(anonymous_2)
FN:38,(anonymous_3)
FN:40,(anonymous_4)
FNF:5
FNH:3
FNDA:3,PageThree
FNDA:3,(anonymous_1)
FNDA:0,(anonymous_2)
FNDA:1,(anonymous_3)
FNDA:0,(anonymous_4)
DA:7,1
DA:22,3
DA:23,3
DA:24,3
DA:25,3
DA:26,0
DA:27,0
DA:28,0
DA:29,0
DA:30,0
DA:34,3
DA:36,3
DA:38,1
DA:40,0
LF:14
LH:8
BRDA:24,0,0,3
BRDA:24,0,1,0
BRDA:40,1,0,3
BRDA:40,1,1,1
BRF:4
BRH:3
end_of_record
TN:
SF:src/components/ChartModules/DownloadChartButton/index.js
FN:6,(anonymous_0)
FN:8,(anonymous_1)
FNF:2
FNH:0
FNDA:0,(anonymous_0)
FNDA:0,(anonymous_1)
DA:6,1
DA:7,0
DA:8,0
DA:14,1
LF:4
LH:2
BRF:0
BRH:0
end_of_record
TN:
SF:src/components/ChartModules/DownloadChartPopup/index.js
FN:81,(anonymous_0)
FN:84,(anonymous_1)
FN:90,(anonymous_2)
FN:93,(anonymous_3)
FN:97,(anonymous_4)
FN:102,getMouseCoordinates
FN:112,drawAnnotations
FN:135,(anonymous_7)
FN:140,drawArow
FN:192,(anonymous_9)
FN:197,(anonymous_10)
FN:212,(anonymous_11)
FN:216,(anonymous_12)
FN:230,(anonymous_13)
FN:243,scaleIt
FN:257,(anonymous_15)
FN:280,(anonymous_16)
FN:291,(anonymous_17)
FN:364,(anonymous_18)
FNF:19
FNH:2
FNDA:1,(anonymous_0)
FNDA:0,(anonymous_1)
FNDA:0,(anonymous_2)
FNDA:0,(anonymous_3)
FNDA:0,(anonymous_4)
FNDA:0,getMouseCoordinates
FNDA:0,drawAnnotations
FNDA:0,(anonymous_7)
FNDA:0,drawArow
FNDA:0,(anonymous_9)
FNDA:0,(anonymous_10)
FNDA:1,(anonymous_11)
FNDA:0,(anonymous_12)
FNDA:0,(anonymous_13)
FNDA:0,scaleIt
FNDA:0,(anonymous_15)
FNDA:0,(anonymous_16)
FNDA:0,(anonymous_17)
FNDA:0,(anonymous_18)
DA:12,1
DA:70,1
DA:75,1
DA:81,1
DA:82,1
DA:84,1
DA:85,0
DA:86,0
DA:87,0
DA:90,1
DA:91,0
DA:93,0
DA:94,0
DA:97,0
DA:98,0
DA:99,0
DA:103,0
DA:104,0
DA:105,0
DA:106,0
DA:113,0
DA:114,0
DA:116,0
DA:118,0
DA:119,0
DA:120,0
DA:122,0
DA:123,0
DA:124,0
DA:125,0
DA:126,0
DA:127,0
DA:128,0
DA:129,0
DA:131,0
DA:135,0
DA:136,0
DA:141,0
DA:143,0
DA:144,0
DA:145,0
DA:146,0
DA:147,0
DA:149,0
DA:150,0
DA:152,0
DA:153,0
DA:154,0
DA:155,0
DA:156,0
DA:157,0
DA:160,0
DA:162,0
DA:164,0
DA:165,0
DA:166,0
DA:167,0
DA:168,0
DA:169,0
DA:171,0
DA:172,0
DA:173,0
DA:175,0
DA:176,0
DA:178,0
DA:179,0
DA:182,0
DA:183,0
DA:186,0
DA:187,0
DA:188,0
DA:192,1
DA:193,0
DA:194,0
DA:197,1
DA:198,0
DA:201,0
DA:202,0
DA:205,0
DA:206,0
DA:207,0
DA:208,0
DA:209,0
DA:212,1
DA:213,1
DA:215,1
DA:216,1
DA:217,0
DA:218,0
DA:219,0
DA:220,0
DA:221,0
DA:222,0
DA:225,0
DA:226,0
DA:230,1
DA:231,0
DA:232,0
DA:233,0
DA:235,0
DA:236,0
DA:237,0
DA:239,0
DA:240,0
DA:244,0
DA:245,0
DA:246,0
DA:247,0
DA:248,0
DA:249,0
DA:250,0
DA:251,0
DA:257,1
DA:258,0
DA:260,0
DA:262,0
DA:264,0
DA:265,0
DA:266,0
DA:269,0
DA:270,0
DA:273,0
DA:274,0
DA:277,0
DA:278,0
DA:279,0
DA:280,0
DA:281,0
DA:282,0
DA:283,0
DA:284,0
DA:288,0
DA:289,0
DA:290,0
DA:291,0
DA:292,0
DA:293,0
DA:294,0
DA:297,0
DA:299,0
DA:300,0
DA:303,0
DA:304,0
DA:307,0
DA:310,0
DA:312,0
DA:315,0
DA:316,0
DA:319,0
DA:320,0
DA:321,0
DA:324,0
DA:326,0
DA:329,0
DA:330,0
DA:331,0
DA:333,0
DA:334,0
DA:339,0
DA:342,0
DA:343,0
DA:344,0
DA:345,0
DA:347,0
DA:348,0
DA:351,0
DA:354,0
DA:355,0
DA:360,1
DA:364,0
DA:386,1
LF:171
LH:17
BRDA:70,0,0,1
BRDA:70,0,1,0
BRDA:118,1,0,0
BRDA:118,1,1,0
BRDA:123,2,0,0
BRDA:123,2,1,0
BRDA:178,3,0,0
BRDA:178,3,1,0
BRDA:213,4,0,1
BRDA:213,4,1,0
BRDA:231,5,0,0
BRDA:231,5,1,0
BRDA:232,6,0,0
BRDA:232,6,1,0
BRDA:233,7,0,0
BRDA:233,7,1,0
BRDA:239,8,0,0
BRDA:239,8,1,0
BRDA:262,9,0,0
BRDA:262,9,1,0
BRDA:265,10,0,0
BRDA:265,10,1,0
BRDA:266,11,0,0
BRDA:266,11,1,0
BRDA:310,12,0,0
BRDA:310,12,1,0
BRDA:319,13,0,0
BRDA:319,13,1,0
BRDA:330,14,0,0
BRDA:330,14,1,0
BRDA:331,15,0,0
BRDA:331,15,1,0
BRDA:343,16,0,0
BRDA:343,16,1,0
BRDA:344,17,0,0
BRDA:344,17,1,0
BRF:36
BRH:2
end_of_record
