TN:
SF:src/components/ChartModules/DownloadChartButton/index.js
FN:6,(anonymous_0)
FN:8,(anonymous_1)
FNF:2
FNH:0
FNDA:0,(anonymous_0)
FNDA:0,(anonymous_1)
DA:6,1
DA:7,0
DA:8,0
DA:14,1
LF:4
LH:2
BRF:0
BRH:0
end_of_record
TN:
SF:src/components/ChartModules/DownloadChartPopup/index.js
FN:88,(anonymous_0)
FN:94,downloadChartAction
FN:101,(anonymous_2)
FN:106,(anonymous_3)
FN:129,(anonymous_4)
FN:133,(anonymous_5)
FN:136,(anonymous_6)
FN:140,(anonymous_7)
FN:145,getMouseCoordinates
FN:155,drawAnnotations
FN:178,(anonymous_10)
FN:183,drawArow
FN:235,(anonymous_12)
FN:242,(anonymous_13)
FN:255,scaleIt
FN:269,(anonymous_15)
FN:291,(anonymous_16)
FN:302,(anonymous_17)
FN:394,(anonymous_18)
FN:409,(anonymous_19)
FNF:20
FNH:5
FNDA:1,(anonymous_0)
FNDA:0,downloadChartAction
FNDA:0,(anonymous_2)
FNDA:0,(anonymous_3)
FNDA:1,(anonymous_4)
FNDA:1,(anonymous_5)
FNDA:0,(anonymous_6)
FNDA:0,(anonymous_7)
FNDA:0,getMouseCoordinates
FNDA:0,drawAnnotations
FNDA:0,(anonymous_10)
FNDA:0,drawArow
FNDA:1,(anonymous_12)
FNDA:0,(anonymous_13)
FNDA:0,scaleIt
FNDA:1,(anonymous_15)
FNDA:0,(anonymous_16)
FNDA:0,(anonymous_17)
FNDA:0,(anonymous_18)
FNDA:0,(anonymous_19)
DA:18,1
DA:76,1
DA:82,1
DA:88,1
DA:89,1
DA:90,0
DA:91,0
DA:95,0
DA:96,0
DA:97,0
DA:98,0
DA:101,1
DA:102,0
DA:103,0
DA:106,1
DA:107,0
DA:110,0
DA:111,0
DA:114,0
DA:115,0
DA:116,0
DA:117,0
DA:118,0
DA:129,1
DA:130,1
DA:131,1
DA:133,1
DA:134,1
DA:136,0
DA:137,0
DA:140,0
DA:141,0
DA:142,0
DA:146,0
DA:147,0
DA:148,0
DA:149,0
DA:156,0
DA:157,0
DA:159,0
DA:161,0
DA:162,0
DA:163,0
DA:165,0
DA:166,0
DA:167,0
DA:168,0
DA:169,0
DA:170,0
DA:171,0
DA:172,0
DA:174,0
DA:178,0
DA:179,0
DA:184,0
DA:186,0
DA:187,0
DA:188,0
DA:189,0
DA:190,0
DA:192,0
DA:193,0
DA:195,0
DA:196,0
DA:197,0
DA:198,0
DA:199,0
DA:200,0
DA:203,0
DA:205,0
DA:207,0
DA:208,0
DA:209,0
DA:210,0
DA:211,0
DA:212,0
DA:214,0
DA:215,0
DA:216,0
DA:218,0
DA:219,0
DA:221,0
DA:222,0
DA:225,0
DA:226,0
DA:229,0
DA:230,0
DA:231,0
DA:235,1
DA:236,1
DA:237,1
DA:238,1
DA:242,1
DA:243,0
DA:244,0
DA:245,0
DA:247,0
DA:248,0
DA:249,0
DA:251,0
DA:252,0
DA:256,0
DA:257,0
DA:258,0
DA:259,0
DA:260,0
DA:261,0
DA:262,0
DA:263,0
DA:269,1
DA:270,1
DA:271,1
DA:273,1
DA:275,0
DA:276,0
DA:277,0
DA:280,0
DA:281,0
DA:284,0
DA:285,0
DA:288,0
DA:289,0
DA:290,0
DA:291,0
DA:292,0
DA:293,0
DA:294,0
DA:295,0
DA:299,0
DA:300,0
DA:301,0
DA:302,0
DA:303,0
DA:304,0
DA:305,0
DA:308,0
DA:310,0
DA:311,0
DA:314,0
DA:315,0
DA:318,0
DA:321,0
DA:323,0
DA:326,0
DA:327,0
DA:330,0
DA:331,0
DA:332,0
DA:335,0
DA:337,0
DA:340,0
DA:341,0
DA:342,0
DA:344,0
DA:345,0
DA:350,0
DA:353,0
DA:354,0
DA:355,0
DA:356,0
DA:358,0
DA:359,0
DA:362,0
DA:365,0
DA:366,0
DA:370,0
DA:371,0
DA:373,0
DA:375,0
DA:376,0
DA:377,0
DA:378,0
DA:379,0
DA:380,0
DA:382,0
DA:384,0
DA:386,0
DA:390,1
DA:394,0
DA:409,0
DA:416,1
LF:181
LH:23
BRDA:76,0,0,1
BRDA:76,0,1,0
BRDA:161,1,0,0
BRDA:161,1,1,0
BRDA:166,2,0,0
BRDA:166,2,1,0
BRDA:221,3,0,0
BRDA:221,3,1,0
BRDA:236,4,0,1
BRDA:236,4,1,0
BRDA:243,5,0,0
BRDA:243,5,1,0
BRDA:244,6,0,0
BRDA:244,6,1,0
BRDA:245,7,0,0
BRDA:245,7,1,0
BRDA:251,8,0,0
BRDA:251,8,1,0
BRDA:273,9,0,0
BRDA:273,9,1,1
BRDA:276,10,0,0
BRDA:276,10,1,0
BRDA:277,11,0,0
BRDA:277,11,1,0
BRDA:321,12,0,0
BRDA:321,12,1,0
BRDA:330,13,0,0
BRDA:330,13,1,0
BRDA:341,14,0,0
BRDA:341,14,1,0
BRDA:342,15,0,0
BRDA:342,15,1,0
BRDA:354,16,0,0
BRDA:354,16,1,0
BRDA:355,17,0,0
BRDA:355,17,1,0
BRDA:375,18,0,0
BRDA:375,18,1,0
BRDA:375,19,0,0
BRDA:375,19,1,0
BRDA:377,20,0,0
BRDA:377,20,1,0
BRDA:379,21,0,0
BRDA:379,21,1,0
BRDA:379,22,0,0
BRDA:379,22,1,0
BRF:46
BRH:3
end_of_record
